VirtualBox COM Server 5.0.14_OSE r105127 win.amd64 (Mar 29 2017 10:16:58) release log
00:00:00.004909 main     Log opened 2022-12-11T17:33:22.238789800Z
00:00:00.004909 main     Build Type: release
00:00:00.004992 main     OS Product: Windows 10
00:00:00.004992 main     OS Release: 10.0.22000
00:00:00.004992 main     OS Service Pack: 
00:00:00.023073 main     DMI Product Name: HP Laptop 15s-dy3xxx
00:00:00.033843 main     DMI Product Version: Type1ProductConfigId
00:00:00.033843 main     Host RAM: 7932MB total, 2772MB available
00:00:00.033843 main     Executable: C:\Program Files\NemuVbox\Hypervisor\NemuSVC.exe
00:00:00.033843 main     Process ID: 20908
00:00:00.033843 main     Package type: WINDOWS_64BITS_GENERIC (OSE)
00:00:00.036180          Home directory: 'C:\Users\jyoti/.NEMU'
00:00:00.036180          Loading settings file "C:\Users\jyoti/.NEMU\VirtualBox.xml" with version "1.12-windows"
00:00:00.037176          USBLibInit: USB Service not found
00:00:00.138346          netIfGetBoundAdapters: could not find either 'oracle_NemuNetLwf' or 'sun_NemuNetFlt' components (0x1)
00:00:00.146711          HostDnsMonitor: old information
00:00:00.146711            no server entries
00:00:00.146711            no search string entries
00:00:00.146711            no domain set
00:00:00.146711          HostDnsMonitor: new information
00:00:00.146711            server 1: 192.168.101.1
00:00:00.146711            server 2: 8.8.8.8
00:00:00.146711            server 3: 8.8.4.4
00:00:00.146711            no search string entries
00:00:00.146711            no domain set
00:00:00.146711          HostDnsMonitorProxy::notify
00:00:00.146711          VD: VDInit finished
00:00:00.147776          ERROR [COM]: aRC=E_FAIL (0x80004005) aIID={0eb668d2-595e-5a36-8890-29999b5f030c} aComponent={SystemPropertiesWrap} aText={Cannot determine default Guest Additions ISO location. Most likely they are not available}, preserve=false aResultDetail=0
00:00:00.166811          Loading settings file "C:\Program Files\MuMu\emulator\nemu\vms\nemu-6.0-x64-overseas\nemu-6.0-x64-overseas.nemu" with version "1.15-windows"
00:00:01.421695          WARNING [COM]: aRC=E_FAIL (0x80004005) aIID={afca788c-5477-787d-60b2-3fa70e56fbbc} aComponent={HostWrap} aText={Could not load the Host USB Proxy Service (VERR_FILE_NOT_FOUND). The service might not be installed on the host computer}, preserve=true  aResultDetail=0
00:00:01.953483          ERROR [COM]: aRC=NEMU_E_INVALID_OBJECT_STATE (0x80bb0007) aIID={f30138d4-e5ea-5b3a-8858-a059de4c93fd} aComponent={MachineWrap} aText={The given session is busy}, preserve=false aResultDetail=0
00:00:30.841607 main     ERROR [COM]: aRC=NEMU_E_OBJECT_IN_USE (0x80bb000c) aIID={4afe423b-53e0-e9d0-82e8-ceb307940dda} aComponent={MediumWrap} aText={Medium 'C:\Program Files\MuMu\emulator\nemu\vms\nemu-6.0-x64-overseas\nemu-6.0-x64-overseas-disk1.vdi' cannot be closed because it is still attached to 1 virtual machines}, preserve=false aResultDetail=0
00:00:30.841607 main     ERROR [COM]: aRC=NEMU_E_OBJECT_IN_USE (0x80bb000c) aIID={4afe423b-53e0-e9d0-82e8-ceb307940dda} aComponent={MediumWrap} aText={Medium 'C:\Program Files\MuMu\emulator\nemu\vms\nemu-6.0-x64-overseas\nemu-6.0-x64-overseas-disk2.vdi' cannot be closed because it is still attached to 1 virtual machines}, preserve=false aResultDetail=0
00:00:30.845898 Watcher  ERROR [COM]: aRC=E_ACCESSDENIED (0x80070005) aIID={0169423f-56b4-cde9-91af-1e9d5b6cd945} aComponent={VirtualBoxWrap} aText={The object is not ready}, preserve=false aResultDetail=0
